16:26:47.486 [main] DEBUG io.netty.buffer.PooledByteBufAllocator - -Dio.netty.allocator.maxOrder: 11
16:26:47.492 [main] DEBUG io.netty.buffer.PooledByteBufAllocator - -Dio.netty.allocator.chunkSize: 16777216
16:26:47.492 [main] DEBUG io.netty.buffer.PooledByteBufAllocator - -Dio.netty.allocator.smallCacheSize: 256
16:26:47.492 [main] DEBUG io.netty.buffer.PooledByteBufAllocator - -Dio.netty.allocator.normalCacheSize: 64
16:26:47.492 [main] DEBUG io.netty.buffer.PooledByteBufAllocator - -Dio.netty.allocator.maxCachedBufferCapacity: 32768
16:26:47.492 [main] DEBUG io.netty.buffer.PooledByteBufAllocator - -Dio.netty.allocator.cacheTrimInterval: 8192
16:26:47.492 [main] DEBUG io.netty.buffer.PooledByteBufAllocator - -Dio.netty.allocator.cacheTrimIntervalMillis: 0
16:26:47.494 [main] DEBUG io.netty.buffer.PooledByteBufAllocator - -Dio.netty.allocator.useCacheForAllThreads: true
16:26:47.494 [main] DEBUG io.netty.buffer.PooledByteBufAllocator - -Dio.netty.allocator.maxCachedByteBuffersPerChunk: 1023
16:26:47.502 [main] DEBUG io.netty.buffer.ByteBufUtil - -Dio.netty.allocator.type: pooled
16:26:47.502 [main] DEBUG io.netty.buffer.ByteBufUtil - -Dio.netty.threadLocalDirectBufferSize: 0
16:26:47.502 [main] DEBUG io.netty.buffer.ByteBufUtil - -Dio.netty.maxThreadLocalCharBufferSize: 16384
16:26:47.871 [Forwarding newSession on session null to remote] DEBUG io.netty.channel.DefaultChannelId - -Dio.netty.processId: 16596 (auto-detected)
16:26:47.873 [Forwarding newSession on session null to remote] DEBUG io.netty.util.NetUtil - -Djava.net.preferIPv4Stack: false
16:26:47.873 [Forwarding newSession on session null to remote] DEBUG io.netty.util.NetUtil - -Djava.net.preferIPv6Addresses: false
16:26:47.882 [Forwarding newSession on session null to remote] DEBUG io.netty.util.NetUtilInitializations - Loopback interface: lo (Software Loopback Interface 1, 127.0.0.1)
16:26:47.883 [Forwarding newSession on session null to remote] DEBUG io.netty.util.NetUtil - Failed to get SOMAXCONN from sysctl and file \proc\sys\net\core\somaxconn. Default: 200
16:26:47.899 [Forwarding newSession on session null to remote] DEBUG io.netty.channel.DefaultChannelId - -Dio.netty.machineId: b0:7d:64:ff:fe:62:80:5e (auto-detected)
16:26:47.932 [AsyncHttpClient-1-2] DEBUG io.netty.buffer.AbstractByteBuf - -Dio.netty.buffer.checkAccessible: true
16:26:47.932 [AsyncHttpClient-1-2] DEBUG io.netty.buffer.AbstractByteBuf - -Dio.netty.buffer.checkBounds: true
16:26:47.932 [AsyncHttpClient-1-2] DEBUG io.netty.util.ResourceLeakDetectorFactory - Loaded default ResourceLeakDetector: io.netty.util.ResourceLeakDetector@63fad9b7
16:26:47.948 [AsyncHttpClient-1-2] DEBUG io.netty.util.Recycler - -Dio.netty.recycler.maxCapacityPerThread: 4096
16:26:47.948 [AsyncHttpClient-1-2] DEBUG io.netty.util.Recycler - -Dio.netty.recycler.ratio: 8
16:26:47.948 [AsyncHttpClient-1-2] DEBUG io.netty.util.Recycler - -Dio.netty.recycler.chunkSize: 32
16:26:47.948 [AsyncHttpClient-1-2] DEBUG io.netty.util.Recycler - -Dio.netty.recycler.blocking: false
16:26:48.436 [AsyncHttpClient-1-2] DEBUG io.netty.handler.codec.compression.Brotli - brotli4j not in the classpath; Brotli support will be unavailable.
16:26:48.519 [main] DEBUG io.netty.util.internal.ThreadLocalRandom - -Dio.netty.initialSeedUniquifier: 0x5b8b97688af4fe57
16:26:48.915 [main] INFO  project.registration - Test case Number-1
16:26:48.915 [main] INFO  project.registration - url is Hit
16:26:48.981 [main] INFO  project.registration - switched to registration form
16:26:51.062 [main] ERROR project.registration - User not able to use special characters
16:26:51.062 [main] ERROR project.registration - Bug number-1
16:26:51.062 [main] ERROR project.registration - Bug title- Cannot use any combinations
16:26:51.062 [main] INFO  project.registration - to reproduce the bug go to the url  1)click sign in2)type username with any special characters
16:26:51.062 [main] ERROR project.registration - Bug severity:Medium
16:26:51.062 [main] ERROR project.registration - Bug priority:Medium
16:26:51.198 [main] INFO  project.registration - Account is created
16:26:53.208 [main] INFO  project.registration - test success
16:26:53.208 [main] INFO  project.registration - Expected result:User able to create account
16:26:53.208 [main] INFO  project.registration - Actual result:user able to create account
16:26:54.750 [main] INFO  project.login - Test case number-2(user login and editing settings
16:26:55.040 [main] INFO  project.login - url is hit
16:26:55.040 [main] INFO  project.login - Expected result: user logged in successfully with the account created
16:26:55.267 [main] INFO  project.login - Actual result: user logged in successfully with the account created
16:26:59.290 [main] INFO  project.login - Test case number-3
16:26:59.290 [main] INFO  project.login - Expected result: User able to edit their profile
16:27:00.040 [main] INFO  project.login - Actual result: User successfully edited their profile
